[amberdirect.weebly.com/index.html]
[backblue.gif]
[fade.gif]
[index.html]
[amberdirect.weebly.com/store/c1/Featured_Products.html]
[amberdirect.weebly.com/index.html]
[amberdirect.weebly.com/uploads/9/2/0/1/92017522/s991359902582598733_c2_i1_w275.jpg]
[amberdirect.weebly.com/uploads/9/2/0/1/92017522/s991359902582598733_c4_i1_w259.jpg]
[amberdirect.weebly.com/uploads/9/2/0/1/92017522/s991359902582598733_c3_i1_w274.jpg]
[cdn2.editmysite.com/css/sites371e.css]
[cdn2.editmysite.com/css/old/fancybox282a.css]
[cdn2.editmysite.com/css/social-iconsd83d.css]
[amberdirect.weebly.com/files/main_style7a4f.css]
[amberdirect.weebly.com/uploads/9/2/0/1/92017522/background-images/1955191062.png]
[ajax.googleapis.com/ajax/libs/jquery/1.8.3/jquery.min.js]
[cdn2.editmysite.com/js/lang/en/stl9179.js]
[cdn2.editmysite.com/js/site/main371e.js]
[cdn2.editmysite.com/js/site/commerce-core371e.js]
[cdn2.editmysite.com/js/site/main-commerce-browse371e.js]
[amberdirect.weebly.com/about.html]
[amberdirect.weebly.com/contact.html]
[amberdirect.weebly.com/store/c2/Crafts.html]
[amberdirect.weebly.com/store/c4/Novelties.html]
[amberdirect.weebly.com/store/c3/Gourmet.html]
[cdn2.editmysite.com/css/public/footer-social-signup.css]
[cdn2.editmysite.com/js/site/expandedFooterController371e.js]
[amberdirect.weebly.com/files/theme/plugins.js]
[amberdirect.weebly.com/files/theme/custom.js]
[pixel.quantserve.com/pixel/p-0dYLvhSGGqUWo80f3.gif]
[amberdirect.weebly.com/store/c1/Featured_Products.html]
[cdn2.editmysite.com/images/util/videojs/white-barc0d1.png]
[cdn2.editmysite.com/images/util/videojs/@2x/white-barc0d1.png]
[cdn2.editmysite.com/images/util/videojs/gradientc0d1.png]
[cdn2.editmysite.com/images/util/videojs/@2x/gradientc0d1.png]
[cdn2.editmysite.com/sprites/util/videojs-sacae758aa2.png]
[cdn2.editmysite.com/sprites/util/videojs/@2x-s2aff7e7d9a.png]
[cdn2.editmysite.com/images/util/videojs/volume-filledc0d1.png]
[cdn2.editmysite.com/images/util/videojs/@2x/volume-filledc0d1.png]
[cdn2.editmysite.com/images/util/videojs/volume-mutec0d1.png]
[cdn2.editmysite.com/images/util/videojs/@2x/volume-mutec0d1.png]
[cdn2.editmysite.com/images/util/videojs/blue-barc0d1.png]
[cdn2.editmysite.com/images/util/videojs/@2x/blue-barc0d1.png]
[cdn2.editmysite.com/images/util/videojs/maximize-iconc0d1.png]
[cdn2.editmysite.com/images/util/videojs/@2x/maximize-iconc0d1.png]
[cdn2.editmysite.com/images/util/videojs/minimize-iconc0d1.png]
[cdn2.editmysite.com/images/util/videojs/@2x/minimize-iconc0d1.png]
[cdn2.editmysite.com/images/util/videojs/play-iconc0d1.png]
[cdn2.editmysite.com/images/util/videojs/@2x/play-iconc0d1.png]
[cdn2.editmysite.com/images/util/videojs/sad-facec0d1.png]
[cdn2.editmysite.com/images/util/videojs/@2x/sad-facec0d1.png]
[cdn2.editmysite.com/images/util/videojs/loading-iconc0d1.png]
[cdn2.editmysite.com/images/util/videojs/@2x/loading-iconc0d1.png]
[cdn2.editmysite.com/images/common/buttons/small_grey0d9d.png]
[cdn2.editmysite.com/images/common/buttons/small_blue0d9d.png]
[cdn2.editmysite.com/images/old/button/large_grey.png]
[cdn2.editmysite.com/images/common/buttons/large_blue0d9d.png]
[cdn2.editmysite.com/images/common/search-light0d9d.png]
[cdn2.editmysite.com/images/common/social_icons0d9d.png]
[cdn2.editmysite.com/images/common/blog/blog-comment-button0d9d.png]
[cdn2.editmysite.com/images/common/blog/blog-comment-header0d9d.png]
[cdn2.editmysite.com/images/common/blog/blog-comment-pointer0d9d.png]
[cdn2.editmysite.com/images/common/blog/blog-comment-link0d9d.png]
[cdn2.editmysite.com/images/common/blog/blog-comment-header-author0d9d.png]
[cdn2.editmysite.com/images/common/blog/blog-comment-pointer-author0d9d.png]
[cdn2.editmysite.com/images/common/blog/blog-comment-field-bg0d9d.png]
[cdn2.editmysite.com/images/common/blog/dark-blog-comment-header0d9d.png]
[cdn2.editmysite.com/images/common/blog/dark-blog-comment-pointer0d9d.png]
[cdn2.editmysite.com/images/common/blog/dark-blog-comment-header-author0d9d.png]
[cdn2.editmysite.com/images/common/blog/dark-blog-comment-pointer-author0d9d.png]
[cdn2.editmysite.com/images/common/blog/dark-blog-comment-link0d9d.png]
[cdn2.editmysite.com/images/util/general/blankc0d1.gif]
[cdn2.editmysite.com/images/common/lightbox/prevlabel0d9d.gif]
[cdn2.editmysite.com/images/common/lightbox/nextlabel0d9d.gif]
[cdn2.editmysite.com/sprites/util/inputs/checkmarkBox-s7868418152.png]
[cdn2.editmysite.com/sprites/util/inputs/checkmarkBox/@2x-s211a47d318.png]
[cdn2.editmysite.com/images/util/inputs/search-input-bgc0d1.jpg]
[cdn2.editmysite.com/images/common/magnifying-glass0d9d.png]
[cdn2.editmysite.com/images/common/checkmarks/checkmark-mini0d9d.png]
[cdn2.editmysite.com/images/common/checkmarks/@2x/checkmark-mini0d9d.png]
[cdn2.editmysite.com/images/common/search-pagination-bg0d9d.png]
[cdn2.editmysite.com/images/util/general/top-triangle-000c0d1.png]
[cdn2.editmysite.com/images/util/general/bottom-triangle-000c0d1.png]
[cdn2.editmysite.com/images/util/general/top-triangle-000@2xc0d1.png]
[cdn2.editmysite.com/images/util/general/bottom-triangle-000@2xc0d1.png]
[cdn2.editmysite.com/sprites/common/social-icons-s5ea5500bdb.png]
[cdn2.editmysite.com/sprites/common/social-icons/@2x-s0ae7d70c70.png]
[cdn2.editmysite.com/sprites/site/mini-cart-s86c48effae.png]
[cdn2.editmysite.com/sprites/site/mini-cart/@2x-s576cbc3f90.png]
[cdn2.editmysite.com/images/loading1e98.gif]
[cdn2.editmysite.com/sprites/site/mobile/commerce-sdf6d4e852c.png]
[cdn2.editmysite.com/sprites/site/mobile/commerce/@2x-s82f968c453.png]
[cdn2.editmysite.com/images/site/checkout/paypalc0d1.png]
[cdn2.editmysite.com/images/site/checkout/@2x/paypalc0d1.png]
[cdn2.editmysite.com/images/site/checkout/credit-cardsc0d1.png]
[cdn2.editmysite.com/images/site/checkout/@2x/credit-cardsc0d1.png]
[cdn2.editmysite.com/images/site/checkout/printc0d1.png]
[cdn2.editmysite.com/images/site/checkout/print@2xc0d1.png]
[cdn2.editmysite.com/images/vendor/select2/select2c0d1.png]
[cdn2.editmysite.com/images/vendor/select2/select2-spinnerc0d1.gif]
[cdn2.editmysite.com/images/vendor/select2/select2x2c0d1.png]
[cdn2.editmysite.com/images/util/spinner/spinner-darkc0d1.png]
[cdn2.editmysite.com/images/util/spinner/spinner-lightc0d1.png]
[cdn2.editmysite.com/images/util/loading-white-w24c0d1.gif]
[cdn2.editmysite.com/images/common/form_input_bg0d9d.gif]
[cdn2.editmysite.com/sprites/site/forms-s3786257308.png]
[cdn2.editmysite.com/sprites/site/forms/@2x-s47607b315a.png]
[cdn2.editmysite.com/images/blank0d9d.gif]
[cdn2.editmysite.com/sprites/site/footer-s48158ed9f7.png]
[cdn2.editmysite.com/sprites/site/footer/@2x-s398696b4d5.png]
[cdn2.editmysite.com/css/sites371e.css]
[cdn2.editmysite.com/images/old/fancybox/fancybox_sprite.png]
[cdn2.editmysite.com/images/old/fancybox/fancybox_loading.gif]
[cdn2.editmysite.com/images/old/fancybox/blank.gif]
[cdn2.editmysite.com/images/old/fancybox/fancybox_overlay.png]
[cdn2.editmysite.com/css/old/fancybox282a.css]
[cdn2.editmysite.com/css/social-iconsd83d.css]
[amberdirect.weebly.com/files/theme/images/default-bg7a4f.jpg]
[amberdirect.weebly.com/files/theme/images/comment-bubble-v57a4f.png]
[amberdirect.weebly.com/files/theme/images/radio-v57a4f.png]
[amberdirect.weebly.com/files/theme/images/checkbox-v57a4f.png]
[amberdirect.weebly.com/files/main_style7a4f.css]
[cdn2.editmysite.com/js/lang/en/stl9179.js]
[amberdirect.weebly.com/store/c1/mustache.6f.delayed]
[amberdirect.weebly.com/store/c1/index.html]
[amberdirect.weebly.com/store/c1/formSubmit.70.delayed]
[amberdirect.weebly.com/store/c1/formSubmitAjax.php]
[amberdirect.weebly.com/store/c1/GET]
[www.google-analytics.com/__utmcb31.gif]
[amberdirect.weebly.com/weebly/libraries/videojs/video-js.swf]
[amberdirect.weebly.com/store/c1/r]
[cdn2.editmysite.com/js/site/main371e.js]
[cdn2.editmysite.com/js/site/commerce-core371e.js]
[cdn2.editmysite.com/js/site/main-commerce-browse371e.js]
[amberdirect.weebly.com/files/theme/plugins4705.js]
[amberdirect.weebly.com/about.html]
[amberdirect.weebly.com/files/theme/custom4705.js]
[amberdirect.weebly.com/_/uploads/9/2/0/1/92017522/background-images/1919799793.png_]
[amberdirect.weebly.com/contact.html]
[amberdirect.weebly.com/store/c2/Crafts.html]
[amberdirect.weebly.com/store/c4/Novelties.html]
[amberdirect.weebly.com/store/c3/Gourmet.html]
[cdn2.editmysite.com/images/public/footer/weebly_pattern_2xc05d.png]
[cdn2.editmysite.com/css/public/footer-social-signup.css]
[cdn2.editmysite.com/js/site/expandedFooterController371e.js]
[amberdirect.weebly.com/files/theme/plugins.js]
[amberdirect.weebly.com/files/theme/custom.js]
[amberdirect.weebly.com/store/c1/index.html]
[amberdirect.weebly.com/weebly/libraries/videojs/video-js.html]
[amberdirect.weebly.com/files/theme/plugins4705.js]
[amberdirect.weebly.com/files/theme/custom4705.js]
[amberdirect.weebly.com/_/uploads/9/2/0/1/92017522/background-images/1919799793.html]
